#
# A fatal error has been detected by the Java Runtime Environment:
#
#  Internal Error (classFileParser.cpp:3494), pid=4855, tid=3061287744
#  Error: ShouldNotReachHere()
#
# JRE version: 6.0_27-b27
# Java VM: OpenJDK Server VM (20.0-b12 mixed mode linux-x86 )
# Derivative: IcedTea6 1.12.6
# Distribution: Ubuntu 12.04 LTS, package 6b27-1.12.6-1ubuntu0.12.04.4
# If you would like to submit a bug report, please include
# instructions how to reproduce the bug and visit:
#   https://bugs.launchpad.net/ubuntu/+source/openjdk-6/
#

---------------  T H R E A D  ---------------

Current thread (0xb6607400):  JavaThread "Unknown thread" [_thread_in_vm, id=4863, stack(0xb6728000,0xb6779000)]

Stack: [0xb6728000,0xb6779000]
[error occurred during error reporting (printing stack bounds), id 0xb]


[error occurred during error reporting (printing native stack), id 0xb]


---------------  P R O C E S S  ---------------

Java Threads: ( => current thread )

Other Threads:

=>0xb6607400 (exited) JavaThread "Unknown thread" [_thread_in_vm, id=4863, stack(0xb6728000,0xb6779000)]

VM state:not at safepoint (not fully initialized)

VM Mutex/Monitor currently owned by a thread: None

Dynamic libraries:
08048000-08051000 r-xp 00000000 08:01 18351121   /usr/lib/jvm/java-6-openjdk-i386/jre/bin/java
08051000-08052000 r--p 00008000 08:01 18351121   /usr/lib/jvm/java-6-openjdk-i386/jre/bin/java
08052000-08053000 rw-p 00009000 08:01 18351121   /usr/lib/jvm/java-6-openjdk-i386/jre/bin/java
09157000-09178000 rw-p 00000000 00:00 0          [heap]
8a836000-8a900000 r--s 011ad000 00:14 2371858    /home/vincent/android/sdk/platforms/android-18/android.jar
8a900000-8a921000 rw-p 00000000 00:00 0 
8a921000-8aa00000 ---p 00000000 00:00 0 
8aa7f000-8aa80000 ---p 00000000 00:00 0 
8aa80000-8ab00000 rw-p 00000000 00:00 0          [stack:4867]
8ab00000-8ab21000 rw-p 00000000 00:00 0 
8ab21000-8ac00000 ---p 00000000 00:00 0 
8ac00000-8ac21000 rw-p 00000000 00:00 0 
8ac21000-8ad00000 ---p 00000000 00:00 0 
8ad7f000-8ad80000 ---p 00000000 00:00 0 
8ad80000-8ae00000 rw-p 00000000 00:00 0          [stack:4866]
8ae00000-8ae21000 rw-p 00000000 00:00 0 
8ae21000-8af00000 ---p 00000000 00:00 0 
8af62000-8af63000 ---p 00000000 00:00 0 
8af63000-8afe3000 rw-p 00000000 00:00 0          [stack:4865]
8afe3000-8afe4000 ---p 00000000 00:00 0 
8afe4000-8b06c000 rw-p 00000000 00:00 0          [stack:4864]
8b06c000-8b0a4000 rw-p 00000000 00:00 0 
8b0a4000-8b0af000 rw-p 00000000 00:00 0 
8b0af000-8b14f000 rw-p 00000000 00:00 0 
8b14f000-8b157000 rw-p 00000000 00:00 0 
8b157000-8b18f000 rw-p 00000000 00:00 0 
8b18f000-8b19a000 rw-p 00000000 00:00 0 
8b19a000-8b239000 rw-p 00000000 00:00 0 
8b239000-8b23f000 rw-p 00000000 00:00 0 
8b23f000-8b28f000 rw-p 00000000 00:00 0 
8b28f000-8c290000 rw-p 00000000 00:00 0 
8c290000-93290000 rw-p 00000000 00:00 0 
93290000-94780000 rw-p 00000000 00:00 0 
94780000-a87f0000 rw-p 00000000 00:00 0 
a87f0000-a9260000 rw-p 00000000 00:00 0 
a9260000-b3290000 rw-p 00000000 00:00 0 
b329f000-b32a8000 rw-p 00000000 00:00 0 
b32a8000-b335f000 rw-p 00000000 00:00 0 
b335f000-b359f000 rwxp 00000000 00:00 0 
b359f000-b635f000 rw-p 00000000 00:00 0 
b635f000-b636a000 r-xp 00000000 08:01 2756923    /lib/i386-linux-gnu/libnss_files-2.15.so
b636a000-b636b000 r--p 0000a000 08:01 2756923    /lib/i386-linux-gnu/libnss_files-2.15.so
b636b000-b636c000 rw-p 0000b000 08:01 2756923    /lib/i386-linux-gnu/libnss_files-2.15.so
b636c000-b6376000 r-xp 00000000 08:01 2756922    /lib/i386-linux-gnu/libnss_nis-2.15.so
b6376000-b6377000 r--p 00009000 08:01 2756922    /lib/i386-linux-gnu/libnss_nis-2.15.so
b6377000-b6378000 rw-p 0000a000 08:01 2756922    /lib/i386-linux-gnu/libnss_nis-2.15.so
b6378000-b638e000 r-xp 00000000 08:01 2756909    /lib/i386-linux-gnu/libnsl-2.15.so
b638e000-b638f000 r--p 00015000 08:01 2756909    /lib/i386-linux-gnu/libnsl-2.15.so
b638f000-b6390000 rw-p 00016000 08:01 2756909    /lib/i386-linux-gnu/libnsl-2.15.so
b6390000-b6392000 rw-p 00000000 00:00 0 
b6392000-b6592000 r--p 00000000 08:01 14949382   /usr/lib/locale/locale-archive
b6592000-b6595000 r-xp 00000000 08:01 18351162   /usr/lib/jvm/java-6-openjdk-i386/jre/lib/i386/libnpt.so
b6595000-b6596000 r--p 00002000 08:01 18351162   /usr/lib/jvm/java-6-openjdk-i386/jre/lib/i386/libnpt.so
b6596000-b6597000 rw-p 00003000 08:01 18351162   /usr/lib/jvm/java-6-openjdk-i386/jre/lib/i386/libnpt.so
b6597000-b65d5000 r-xp 00000000 08:01 18351160   /usr/lib/jvm/java-6-openjdk-i386/jre/lib/i386/libjdwp.so
b65d5000-b65d6000 r--p 0003d000 08:01 18351160   /usr/lib/jvm/java-6-openjdk-i386/jre/lib/i386/libjdwp.so
b65d6000-b65d7000 rw-p 0003e000 08:01 18351160   /usr/lib/jvm/java-6-openjdk-i386/jre/lib/i386/libjdwp.so
b65d7000-b65fd000 r-xp 00000000 08:01 18351140   /usr/lib/jvm/java-6-openjdk-i386/jre/lib/i386/libjava.so
b65fd000-b65fe000 r--p 00025000 08:01 18351140   /usr/lib/jvm/java-6-openjdk-i386/jre/lib/i386/libjava.so
b65fe000-b6600000 rw-p 00026000 08:01 18351140   /usr/lib/jvm/java-6-openjdk-i386/jre/lib/i386/libjava.so
b6600000-b6666000 rw-p 00000000 00:00 0 
b6666000-b6700000 ---p 00000000 00:00 0 
b6701000-b6708000 r-xp 00000000 08:01 2756924    /lib/i386-linux-gnu/libnss_compat-2.15.so
b6708000-b6709000 r--p 00006000 08:01 2756924    /lib/i386-linux-gnu/libnss_compat-2.15.so
b6709000-b670a000 rw-p 00007000 08:01 2756924    /lib/i386-linux-gnu/libnss_compat-2.15.so
b670e000-b6715000 r-xp 00000000 08:01 18351150   /usr/lib/jvm/java-6-openjdk-i386/jre/lib/i386/libzip.so
b6715000-b6716000 r--p 00006000 08:01 18351150   /usr/lib/jvm/java-6-openjdk-i386/jre/lib/i386/libzip.so
b6716000-b6717000 rw-p 00007000 08:01 18351150   /usr/lib/jvm/java-6-openjdk-i386/jre/lib/i386/libzip.so
b6717000-b671f000 rw-s 00000000 08:01 6160420    /tmp/hsperfdata_vincent/4855
b671f000-b6726000 r-xp 00000000 08:01 2756917    /lib/i386-linux-gnu/librt-2.15.so
b6726000-b6727000 r--p 00006000 08:01 2756917    /lib/i386-linux-gnu/librt-2.15.so
b6727000-b6728000 rw-p 00007000 08:01 2756917    /lib/i386-linux-gnu/librt-2.15.so
b6728000-b672b000 ---p 00000000 00:00 0 
b672b000-b6779000 rw-p 00000000 00:00 0          [stack:4863]
b6779000-b6795000 r-xp 00000000 08:01 2753365    /lib/i386-linux-gnu/libgcc_s.so.1
b6795000-b6796000 r--p 0001b000 08:01 2753365    /lib/i386-linux-gnu/libgcc_s.so.1
b6796000-b6797000 rw-p 0001c000 08:01 2753365    /lib/i386-linux-gnu/libgcc_s.so.1
b6797000-b67c1000 r-xp 00000000 08:01 2756921    /lib/i386-linux-gnu/libm-2.15.so
b67c1000-b67c2000 r--p 00029000 08:01 2756921    /lib/i386-linux-gnu/libm-2.15.so
b67c2000-b67c3000 rw-p 0002a000 08:01 2756921    /lib/i386-linux-gnu/libm-2.15.so
b67c3000-b689b000 r-xp 00000000 08:01 14947298   /usr/lib/i386-linux-gnu/libstdc++.so.6.0.16
b689b000-b689c000 ---p 000d8000 08:01 14947298   /usr/lib/i386-linux-gnu/libstdc++.so.6.0.16
b689c000-b68a0000 r--p 000d8000 08:01 14947298   /usr/lib/i386-linux-gnu/libstdc++.so.6.0.16
b68a0000-b68a1000 rw-p 000dc000 08:01 14947298   /usr/lib/i386-linux-gnu/libstdc++.so.6.0.16
b68a1000-b68a8000 rw-p 00000000 00:00 0 
b68a8000-b70c8000 r-xp 00000000 08:01 18351133   /usr/lib/jvm/java-6-openjdk-i386/jre/lib/i386/server/libjvm.so
b70c8000-b710d000 r--p 0081f000 08:01 18351133   /usr/lib/jvm/java-6-openjdk-i386/jre/lib/i386/server/libjvm.so
b710d000-b711c000 rw-p 00864000 08:01 18351133   /usr/lib/jvm/java-6-openjdk-i386/jre/lib/i386/server/libjvm.so
b711c000-b7538000 rw-p 00000000 00:00 0 
b7538000-b754c000 r-xp 00000000 08:01 2753455    /lib/i386-linux-gnu/libz.so.1.2.3.4
b754c000-b754d000 r--p 00013000 08:01 2753455    /lib/i386-linux-gnu/libz.so.1.2.3.4
b754d000-b754e000 rw-p 00014000 08:01 2753455    /lib/i386-linux-gnu/libz.so.1.2.3.4
b754e000-b76f2000 r-xp 00000000 08:01 2756926    /lib/i386-linux-gnu/libc-2.15.so
b76f2000-b76f4000 r--p 001a4000 08:01 2756926    /lib/i386-linux-gnu/libc-2.15.so
b76f4000-b76f5000 rw-p 001a6000 08:01 2756926    /lib/i386-linux-gnu/libc-2.15.so
b76f5000-b76f8000 rw-p 00000000 00:00 0 
b76f8000-b76fb000 r-xp 00000000 08:01 2756925    /lib/i386-linux-gnu/libdl-2.15.so
b76fb000-b76fc000 r--p 00002000 08:01 2756925    /lib/i386-linux-gnu/libdl-2.15.so
b76fc000-b76fd000 rw-p 00003000 08:01 2756925    /lib/i386-linux-gnu/libdl-2.15.so
b76fd000-b7701000 r-xp 00000000 08:01 18351149   /usr/lib/jvm/java-6-openjdk-i386/jre/lib/i386/jli/libjli.so
b7701000-b7702000 r--p 00003000 08:01 18351149   /usr/lib/jvm/java-6-openjdk-i386/jre/lib/i386/jli/libjli.so
b7702000-b7703000 rw-p 00004000 08:01 18351149   /usr/lib/jvm/java-6-openjdk-i386/jre/lib/i386/jli/libjli.so
b7703000-b7704000 rw-p 00000000 00:00 0 
b7704000-b771b000 r-xp 00000000 08:01 2756915    /lib/i386-linux-gnu/libpthread-2.15.so
b771b000-b771c000 r--p 00016000 08:01 2756915    /lib/i386-linux-gnu/libpthread-2.15.so
b771c000-b771d000 rw-p 00017000 08:01 2756915    /lib/i386-linux-gnu/libpthread-2.15.so
b771d000-b771f000 rw-p 00000000 00:00 0 
b7723000-b7724000 r--p 00858000 08:01 14949382   /usr/lib/locale/locale-archive
b7724000-b7725000 rw-p 00000000 00:00 0 
b7725000-b7726000 r--p 00000000 00:00 0 
b7726000-b7731000 r-xp 00000000 08:01 18351165   /usr/lib/jvm/java-6-openjdk-i386/jre/lib/i386/libverify.so
b7731000-b7732000 ---p 0000b000 08:01 18351165   /usr/lib/jvm/java-6-openjdk-i386/jre/lib/i386/libverify.so
b7732000-b7733000 r--p 0000b000 08:01 18351165   /usr/lib/jvm/java-6-openjdk-i386/jre/lib/i386/libverify.so
b7733000-b7734000 rw-p 0000c000 08:01 18351165   /usr/lib/jvm/java-6-openjdk-i386/jre/lib/i386/libverify.so
b7734000-b7736000 rw-p 00000000 00:00 0 
b7736000-b7737000 r-xp 00000000 00:00 0          [vdso]
b7737000-b7757000 r-xp 00000000 08:01 2756916    /lib/i386-linux-gnu/ld-2.15.so
b7757000-b7758000 r--p 0001f000 08:01 2756916    /lib/i386-linux-gnu/ld-2.15.so
b7758000-b7759000 rw-p 00020000 08:01 2756916    /lib/i386-linux-gnu/ld-2.15.so
bfe33000-bfe54000 rw-p 00000000 00:00 0          [stack]

VM Arguments:
jvm_args: -agentlib:jdwp=transport=dt_socket,suspend=y,address=localhost:57134 -Dfile.encoding=UTF-8 -Xbootclasspath:/home/vincent/android/sdk/platforms/android-18/android.jar:/home/vincent/android/sdk/add-ons/addon-google_apis-google-18/libs/effects.jar:/home/vincent/android/sdk/add-ons/addon-google_apis-google-18/libs/usb.jar:/home/vincent/android/sdk/add-ons/addon-google_apis-google-18/libs/maps.jar 
java_command: org.eclipse.jdt.internal.junit.runner.RemoteTestRunner -version 3 -port 56315 -testLoaderClass org.eclipse.jdt.internal.junit4.runner.JUnit4TestLoader -loaderpluginname org.eclipse.jdt.junit4.runtime -test UnitTest.Arithmetique.ArithmetiqueUnitTest:test
Launcher Type: SUN_STANDARD

Environment Variables:
PATH=/usr/lib/lightdm/lightdm:/usr/local/sbin:/usr/local/bin:/usr/sbin:/usr/bin:/sbin:/bin:/usr/games
LD_LIBRARY_PATH=/usr/lib/jvm/java-6-openjdk-i386/jre/lib/i386/server:/usr/lib/jvm/java-6-openjdk-i386/jre/lib/i386:/usr/lib/jvm/java-6-openjdk-i386/jre/../lib/i386:/usr/lib/jvm/java-6-openjdk-i386/jre/lib/i386/client:/usr/lib/jvm/java-6-openjdk-i386/jre/lib/i386:
SHELL=/bin/bash
DISPLAY=:0.0

Signal Handlers:
SIGSEGV: [libjvm.so+0x66e740], sa_mask[0]=0x7ffbfeff, sa_flags=0x10000004
SIGBUS: [libjvm.so+0x66e740], sa_mask[0]=0x7ffbfeff, sa_flags=0x10000004
SIGFPE: [libjvm.so+0x530480], sa_mask[0]=0x7ffbfeff, sa_flags=0x10000004
SIGPIPE: [libjvm.so+0x530480], sa_mask[0]=0x7ffbfeff, sa_flags=0x10000004
SIGXFSZ: [libjvm.so+0x530480], sa_mask[0]=0x7ffbfeff, sa_flags=0x10000004
SIGILL: [libjvm.so+0x530480], sa_mask[0]=0x7ffbfeff, sa_flags=0x10000004
SIGUSR1: SIG_DFL, sa_mask[0]=0x00000000, sa_flags=0x00000000
SIGUSR2: [libjvm.so+0x530310], sa_mask[0]=0x00000004, sa_flags=0x10000004
SIGHUP: SIG_DFL, sa_mask[0]=0x00000000, sa_flags=0x00000000
SIGINT: SIG_DFL, sa_mask[0]=0x00000000, sa_flags=0x00000000
SIGTERM: SIG_DFL, sa_mask[0]=0x00000000, sa_flags=0x00000000
SIGQUIT: SIG_DFL, sa_mask[0]=0x00000000, sa_flags=0x00000000


---------------  S Y S T E M  ---------------

OS:Ubuntu 12.04 (precise)
uname:Linux 3.5.0-43-generic #66~precise1-Ubuntu SMP Thu Oct 24 14:55:08 UTC 2013 i686
libc:glibc 2.15 NPTL 2.15 
rlimit: STACK 8192k, CORE 0k, NPROC 15865, NOFILE 4096, AS infinity
load average:0,81 0,96 0,94

/proc/meminfo:
MemTotal:        2053256 kB
MemFree:          145416 kB
Buffers:           19456 kB
Cached:           752184 kB
SwapCached:         4196 kB
Active:           946728 kB
Inactive:         846460 kB
Active(anon):     510680 kB
Inactive(anon):   521308 kB
Active(file):     436048 kB
Inactive(file):   325152 kB
Unevictable:           0 kB
Mlocked:               0 kB
HighTotal:       1171800 kB
HighFree:          27032 kB
LowTotal:         881456 kB
LowFree:          118384 kB
SwapTotal:       2083836 kB
SwapFree:        2043292 kB
Dirty:               100 kB
Writeback:             0 kB
AnonPages:       1017816 kB
Mapped:           153532 kB
Shmem:             10384 kB
Slab:              78136 kB
SReclaimable:      44128 kB
SUnreclaim:        34008 kB
KernelStack:        4224 kB
PageTables:        12504 kB
NFS_Unstable:          0 kB
Bounce:                0 kB
WritebackTmp:          0 kB
CommitLimit:     3110464 kB
Committed_AS:    3732300 kB
VmallocTotal:     122880 kB
VmallocUsed:       14516 kB
VmallocChunk:     107580 kB
HardwareCorrupted:     0 kB
AnonHugePages:         0 kB
HugePages_Total:       0
HugePages_Free:        0
HugePages_Rsvd:        0
HugePages_Surp:        0
Hugepagesize:       2048 kB
DirectMap4k:       26616 kB
DirectMap2M:      886784 kB


CPU:total 4 (2 cores per cpu, 2 threads per core) family 6 model 54 stepping 1, cmov, cx8, fxsr, mmx, sse, sse2, sse3, ssse3, ht

Memory: 4k page, physical 2053256k(145416k free), swap 2083836k(2043292k free)

vm_info: OpenJDK Server VM (20.0-b12) for linux-x86 JRE (1.6.0_27-b27), built on Nov 16 2013 15:21:31 by "buildd" with gcc 4.6.3

time: Fri Feb  7 22:44:38 2014
elapsed time: 0 seconds

