#
# A fatal error has been detected by the Java Runtime Environment:
#
#  Internal Error (javaClasses.cpp:129), pid=5732, tid=2796
#  fatal error: Invalid layout of preloaded class
#
# JRE version: 7.0_06-b24
# Java VM: Java HotSpot(TM) Client VM (23.2-b09 mixed mode windows-x86 )
# Failed to write core dump. Minidumps are not enabled by default on client versions of Windows
#
# If you would like to submit a bug report, please visit:
#   http://bugreport.sun.com/bugreport/crash.jsp
#

---------------  T H R E A D  ---------------

Current thread (0x0258b800):  JavaThread "Unknown thread" [_thread_in_vm, id=2796, stack(0x00270000,0x002c0000)]

Stack: [0x00270000,0x002c0000],  sp=0x002bf5ec,  free space=317k
Native frames: (J=compiled Java code, j=interpreted, Vv=VM code, C=native code)
V  [jvm.dll+0x16f2f1]
V  [jvm.dll+0x169496]
V  [jvm.dll+0x2082f]
V  [jvm.dll+0x208b6]
V  [jvm.dll+0x2e64d]
V  [jvm.dll+0x2e8f9]
V  [jvm.dll+0x77d01]
V  [jvm.dll+0x780bb]
V  [jvm.dll+0x1290e1]
V  [jvm.dll+0x149b8a]
V  [jvm.dll+0xa997f]
C  [javaw.exe+0x1359]
C  [javaw.exe+0x1dbb]
C  [javaw.exe+0xa0eb]
C  [javaw.exe+0xa175]
C  [kernel32.dll+0x1336a]  BaseThreadInitThunk+0x12
C  [ntdll.dll+0x39f72]  RtlInitializeExceptionChain+0x63
C  [ntdll.dll+0x39f45]  RtlInitializeExceptionChain+0x36


---------------  P R O C E S S  ---------------

Java Threads: ( => current thread )

Other Threads:

=>0x0258b800 (exited) JavaThread "Unknown thread" [_thread_in_vm, id=2796, stack(0x00270000,0x002c0000)]

VM state:not at safepoint (not fully initialized)

VM Mutex/Monitor currently owned by a thread: None

GC Heap History (0 events):
No events

Deoptimization events (0 events):
No events

Internal exceptions (0 events):
No events

Events (10 events):
Event: 0.013 loading class 0x01e547c0 done
Event: 0.013 loading class 0x01e53d20 done
Event: 0.013 loading class 0x01e53cf8
Event: 0.013 loading class 0x01ecae48
Event: 0.013 loading class 0x01ecae48 done
Event: 0.013 loading class 0x01ecae80
Event: 0.013 loading class 0x01ecae80 done
Event: 0.013 loading class 0x01ecb588
Event: 0.013 loading class 0x01ecb588 done
Event: 0.013 loading class 0x01e53cf8 done


Dynamic libraries:
0x00230000 - 0x0025f000 	C:\Program Files (x86)\Java\jre7\bin\javaw.exe
0x76fc0000 - 0x77140000 	C:\Windows\SysWOW64\ntdll.dll
0x755f0000 - 0x75700000 	C:\Windows\syswow64\kernel32.dll
0x759c0000 - 0x75a07000 	C:\Windows\syswow64\KERNELBASE.dll
0x72c70000 - 0x72cac000 	C:\Program Files\AVAST Software\Avast\snxhk.dll
0x76860000 - 0x76900000 	C:\Windows\syswow64\ADVAPI32.dll
0x74e10000 - 0x74ebc000 	C:\Windows\syswow64\msvcrt.dll
0x75470000 - 0x75489000 	C:\Windows\SysWOW64\sechost.dll
0x74fc0000 - 0x750b0000 	C:\Windows\syswow64\RPCRT4.dll
0x749e0000 - 0x74a40000 	C:\Windows\syswow64\SspiCli.dll
0x749d0000 - 0x749dc000 	C:\Windows\syswow64\CRYPTBASE.dll
0x74ec0000 - 0x74fc0000 	C:\Windows\syswow64\USER32.dll
0x74d80000 - 0x74e10000 	C:\Windows\syswow64\GDI32.dll
0x75870000 - 0x7587a000 	C:\Windows\syswow64\LPK.dll
0x76b20000 - 0x76bbd000 	C:\Windows\syswow64\USP10.dll
0x72650000 - 0x727ee000 	C:\Windows\WinSxS\x86_microsoft.windows.common-controls_6595b64144ccf1df_6.0.7601.17514_none_41e6975e2bd6f2b2\COMCTL32.dll
0x75960000 - 0x759b7000 	C:\Windows\syswow64\SHLWAPI.dll
0x75390000 - 0x753f0000 	C:\Windows\system32\IMM32.DLL
0x75880000 - 0x7594c000 	C:\Windows\syswow64\MSCTF.dll
0x74750000 - 0x74786000 	c:\windows\syswow64\nvinit.dll
0x61cb0000 - 0x61d6e000 	C:\Program Files (x86)\Java\jre7\bin\msvcr100.dll
0x6d9e0000 - 0x6dd2c000 	C:\Program Files (x86)\Java\jre7\bin\client\jvm.dll
0x714f0000 - 0x714f7000 	C:\Windows\system32\WSOCK32.dll
0x74af0000 - 0x74b25000 	C:\Windows\syswow64\WS2_32.dll
0x76660000 - 0x76666000 	C:\Windows\syswow64\NSI.dll
0x717f0000 - 0x71822000 	C:\Windows\system32\WINMM.dll
0x76830000 - 0x76835000 	C:\Windows\syswow64\PSAPI.DLL
0x72d80000 - 0x72d8c000 	C:\Program Files (x86)\Java\jre7\bin\verify.dll
0x72d60000 - 0x72d80000 	C:\Program Files (x86)\Java\jre7\bin\java.dll
0x72d40000 - 0x72d53000 	C:\Program Files (x86)\Java\jre7\bin\zip.dll
0x712d0000 - 0x713bb000 	C:\Windows\system32\dbghelp.dll

VM Arguments:
jvm_args: -Dfile.encoding=Cp1252 -Xbootclasspath:C:\Users\Traing\android-sdks\platforms\android-18\android.jar;C:\Users\Traing\android-sdks\add-ons\addon-google_apis-google-18\libs\effects.jar;C:\Users\Traing\android-sdks\add-ons\addon-google_apis-google-18\libs\usb.jar;C:\Users\Traing\android-sdks\add-ons\addon-google_apis-google-18\libs\maps.jar 
java_command: org.eclipse.jdt.internal.junit.runner.RemoteTestRunner -version 3 -port 1115 -testLoaderClass org.eclipse.jdt.internal.junit4.runner.JUnit4TestLoader -loaderpluginname org.eclipse.jdt.junit4.runtime -classNames UnitTest.Arithmetique.ArithmetiqueUnitTest
Launcher Type: SUN_STANDARD

Environment Variables:
CLASSPATH=.;C:\Program Files (x86)\Java\jre7\lib\ext\QTJava.zip
PATH=C:/Program Files (x86)/Java/jre7/bin/client;C:/Program Files (x86)/Java/jre7/bin;C:/Program Files (x86)/Java/jre7/lib/i386;C:\Program Files\Common Files\Microsoft Shared\Windows Live;C:\Program Files (x86)\Common Files\Microsoft Shared\Windows Live;C:\Program Files (x86)\NVIDIA Corporation\PhysX\Common;C:\Windows\system32;C:\Windows;C:\Windows\System32\Wbem;C:\Windows\System32\WindowsPowerShell\v1.0\;C:\Program Files\Intel\WiFi\bin\;C:\Program Files\Common Files\Intel\WirelessCommon\;C:\Program Files (x86)\QuickTime\QTSystem\;C:\Program Files (x86)\Windows Live\Shared;C:\Program Files\Microsoft\Web Platform Installer\;C:\Program Files (x86)\Microsoft ASP.NET\ASP.NET Web Pages\v1.0\;C:\Program Files (x86)\Windows Kits\8.0\Windows Performance Toolkit\;C:\Program Files\Microsoft SQL Server\110\Tools\Binn\;D:\Mes programmes\eclipse-java-indigo-SR2-win32\eclipse;
USERNAME=Traing
OS=Windows_NT
PROCESSOR_IDENTIFIER=Intel64 Family 6 Model 42 Stepping 7, GenuineIntel



---------------  S Y S T E M  ---------------

OS: Windows 7 , 64 bit Build 7601 Service Pack 1

CPU:total 4 (2 cores per cpu, 2 threads per core) family 6 model 42 stepping 7, cmov, cx8, fxsr, mmx, sse, sse2, sse3, ssse3, sse4.1, sse4.2, popcnt, avx, ht, tsc, tscinvbit

Memory: 4k page, physical 6062136k(3825096k free), swap 12122408k(9697248k free)

vm_info: Java HotSpot(TM) Client VM (23.2-b09) for windows-x86 JRE (1.7.0_06-b24), built on Aug  9 2012 23:02:07 by "java_re" with unknown MS VC++:1600

time: Sat Feb 08 15:15:19 2014
elapsed time: 0 seconds

