#
# A fatal error has been detected by the Java Runtime Environment:
#
#  Internal Error (classFileParser.cpp:3494), pid=2821, tid=3061975872
#  Error: ShouldNotReachHere()
#
# JRE version: 6.0_27-b27
# Java VM: OpenJDK Server VM (20.0-b12 mixed mode linux-x86 )
# Derivative: IcedTea6 1.12.6
# Distribution: Ubuntu 12.04 LTS, package 6b27-1.12.6-1ubuntu0.12.04.4
# If you would like to submit a bug report, please include
# instructions how to reproduce the bug and visit:
#   https://bugs.launchpad.net/ubuntu/+source/openjdk-6/
#

---------------  T H R E A D  ---------------

Current thread (0xb6605c00):  JavaThread "Unknown thread" [_thread_in_vm, id=2827, stack(0xb67d0000,0xb6821000)]

Stack: [0xb67d0000,0xb6821000]
[error occurred during error reporting (printing stack bounds), id 0xb]


[error occurred during error reporting (printing native stack), id 0xb]


---------------  P R O C E S S  ---------------

Java Threads: ( => current thread )

Other Threads:

=>0xb6605c00 (exited) JavaThread "Unknown thread" [_thread_in_vm, id=2827, stack(0xb67d0000,0xb6821000)]

VM state:not at safepoint (not fully initialized)

VM Mutex/Monitor currently owned by a thread: None

Dynamic libraries:
08048000-08051000 r-xp 00000000 08:01 18351121   /usr/lib/jvm/java-6-openjdk-i386/jre/bin/java
08051000-08052000 r--p 00008000 08:01 18351121   /usr/lib/jvm/java-6-openjdk-i386/jre/bin/java
08052000-08053000 rw-p 00009000 08:01 18351121   /usr/lib/jvm/java-6-openjdk-i386/jre/bin/java
098a4000-098c5000 rw-p 00000000 00:00 0          [heap]
8ab36000-8ac00000 r--s 011ad000 00:14 2371858    /home/vincent/android/sdk/platforms/android-18/android.jar
8ac00000-8ac21000 rw-p 00000000 00:00 0 
8ac21000-8ad00000 ---p 00000000 00:00 0 
8ad7f000-8ad80000 ---p 00000000 00:00 0 
8ad80000-8ae00000 rw-p 00000000 00:00 0          [stack:2831]
8ae00000-8ae21000 rw-p 00000000 00:00 0 
8ae21000-8af00000 ---p 00000000 00:00 0 
8af00000-8af21000 rw-p 00000000 00:00 0 
8af21000-8b000000 ---p 00000000 00:00 0 
8b07f000-8b080000 ---p 00000000 00:00 0 
8b080000-8b100000 rw-p 00000000 00:00 0          [stack:2830]
8b100000-8b121000 rw-p 00000000 00:00 0 
8b121000-8b200000 ---p 00000000 00:00 0 
8b212000-8b213000 ---p 00000000 00:00 0 
8b213000-8b293000 rw-p 00000000 00:00 0          [stack:2829]
8b293000-8b294000 ---p 00000000 00:00 0 
8b294000-8b31c000 rw-p 00000000 00:00 0          [stack:2828]
8b31c000-8b354000 rw-p 00000000 00:00 0 
8b354000-8b35f000 rw-p 00000000 00:00 0 
8b35f000-8b3ff000 rw-p 00000000 00:00 0 
8b3ff000-8b407000 rw-p 00000000 00:00 0 
8b407000-8b43f000 rw-p 00000000 00:00 0 
8b43f000-8b44a000 rw-p 00000000 00:00 0 
8b44a000-8b4e9000 rw-p 00000000 00:00 0 
8b4e9000-8b4ef000 rw-p 00000000 00:00 0 
8b4ef000-8b53f000 rw-p 00000000 00:00 0 
8b53f000-8c540000 rw-p 00000000 00:00 0 
8c540000-93540000 rw-p 00000000 00:00 0 
93540000-94a30000 rw-p 00000000 00:00 0 
94a30000-a8aa0000 rw-p 00000000 00:00 0 
a8aa0000-a9510000 rw-p 00000000 00:00 0 
a9510000-b3540000 rw-p 00000000 00:00 0 
b3540000-b3549000 rw-p 00000000 00:00 0 
b3549000-b3600000 rw-p 00000000 00:00 0 
b3600000-b3840000 rwxp 00000000 00:00 0 
b3840000-b6665000 rw-p 00000000 00:00 0 
b6665000-b6700000 ---p 00000000 00:00 0 
b674d000-b6758000 r-xp 00000000 08:01 2756923    /lib/i386-linux-gnu/libnss_files-2.15.so
b6758000-b6759000 r--p 0000a000 08:01 2756923    /lib/i386-linux-gnu/libnss_files-2.15.so
b6759000-b675a000 rw-p 0000b000 08:01 2756923    /lib/i386-linux-gnu/libnss_files-2.15.so
b675a000-b6764000 r-xp 00000000 08:01 2756922    /lib/i386-linux-gnu/libnss_nis-2.15.so
b6764000-b6765000 r--p 00009000 08:01 2756922    /lib/i386-linux-gnu/libnss_nis-2.15.so
b6765000-b6766000 rw-p 0000a000 08:01 2756922    /lib/i386-linux-gnu/libnss_nis-2.15.so
b6766000-b677c000 r-xp 00000000 08:01 2756909    /lib/i386-linux-gnu/libnsl-2.15.so
b677c000-b677d000 r--p 00015000 08:01 2756909    /lib/i386-linux-gnu/libnsl-2.15.so
b677d000-b677e000 rw-p 00016000 08:01 2756909    /lib/i386-linux-gnu/libnsl-2.15.so
b677e000-b6780000 rw-p 00000000 00:00 0 
b6780000-b6787000 r-xp 00000000 08:01 2756924    /lib/i386-linux-gnu/libnss_compat-2.15.so
b6787000-b6788000 r--p 00006000 08:01 2756924    /lib/i386-linux-gnu/libnss_compat-2.15.so
b6788000-b6789000 rw-p 00007000 08:01 2756924    /lib/i386-linux-gnu/libnss_compat-2.15.so
b678d000-b6794000 r-xp 00000000 08:01 18351150   /usr/lib/jvm/java-6-openjdk-i386/jre/lib/i386/libzip.so
b6794000-b6795000 r--p 00006000 08:01 18351150   /usr/lib/jvm/java-6-openjdk-i386/jre/lib/i386/libzip.so
b6795000-b6796000 rw-p 00007000 08:01 18351150   /usr/lib/jvm/java-6-openjdk-i386/jre/lib/i386/libzip.so
b6796000-b679e000 rw-s 00000000 08:01 6160408    /tmp/hsperfdata_vincent/2821
b679e000-b67c4000 r-xp 00000000 08:01 18351140   /usr/lib/jvm/java-6-openjdk-i386/jre/lib/i386/libjava.so
b67c4000-b67c5000 r--p 00025000 08:01 18351140   /usr/lib/jvm/java-6-openjdk-i386/jre/lib/i386/libjava.so
b67c5000-b67c7000 rw-p 00026000 08:01 18351140   /usr/lib/jvm/java-6-openjdk-i386/jre/lib/i386/libjava.so
b67c7000-b67ce000 r-xp 00000000 08:01 2756917    /lib/i386-linux-gnu/librt-2.15.so
b67ce000-b67cf000 r--p 00006000 08:01 2756917    /lib/i386-linux-gnu/librt-2.15.so
b67cf000-b67d0000 rw-p 00007000 08:01 2756917    /lib/i386-linux-gnu/librt-2.15.so
b67d0000-b67d3000 ---p 00000000 00:00 0 
b67d3000-b6821000 rw-p 00000000 00:00 0          [stack:2827]
b6821000-b683d000 r-xp 00000000 08:01 2753365    /lib/i386-linux-gnu/libgcc_s.so.1
b683d000-b683e000 r--p 0001b000 08:01 2753365    /lib/i386-linux-gnu/libgcc_s.so.1
b683e000-b683f000 rw-p 0001c000 08:01 2753365    /lib/i386-linux-gnu/libgcc_s.so.1
b683f000-b6869000 r-xp 00000000 08:01 2756921    /lib/i386-linux-gnu/libm-2.15.so
b6869000-b686a000 r--p 00029000 08:01 2756921    /lib/i386-linux-gnu/libm-2.15.so
b686a000-b686b000 rw-p 0002a000 08:01 2756921    /lib/i386-linux-gnu/libm-2.15.so
b686b000-b6943000 r-xp 00000000 08:01 14947298   /usr/lib/i386-linux-gnu/libstdc++.so.6.0.16
b6943000-b6944000 ---p 000d8000 08:01 14947298   /usr/lib/i386-linux-gnu/libstdc++.so.6.0.16
b6944000-b6948000 r--p 000d8000 08:01 14947298   /usr/lib/i386-linux-gnu/libstdc++.so.6.0.16
b6948000-b6949000 rw-p 000dc000 08:01 14947298   /usr/lib/i386-linux-gnu/libstdc++.so.6.0.16
b6949000-b6950000 rw-p 00000000 00:00 0 
b6950000-b7170000 r-xp 00000000 08:01 18351133   /usr/lib/jvm/java-6-openjdk-i386/jre/lib/i386/server/libjvm.so
b7170000-b71b5000 r--p 0081f000 08:01 18351133   /usr/lib/jvm/java-6-openjdk-i386/jre/lib/i386/server/libjvm.so
b71b5000-b71c4000 rw-p 00864000 08:01 18351133   /usr/lib/jvm/java-6-openjdk-i386/jre/lib/i386/server/libjvm.so
b71c4000-b75e0000 rw-p 00000000 00:00 0 
b75e0000-b75f4000 r-xp 00000000 08:01 2753455    /lib/i386-linux-gnu/libz.so.1.2.3.4
b75f4000-b75f5000 r--p 00013000 08:01 2753455    /lib/i386-linux-gnu/libz.so.1.2.3.4
b75f5000-b75f6000 rw-p 00014000 08:01 2753455    /lib/i386-linux-gnu/libz.so.1.2.3.4
b75f6000-b779a000 r-xp 00000000 08:01 2756926    /lib/i386-linux-gnu/libc-2.15.so
b779a000-b779c000 r--p 001a4000 08:01 2756926    /lib/i386-linux-gnu/libc-2.15.so
b779c000-b779d000 rw-p 001a6000 08:01 2756926    /lib/i386-linux-gnu/libc-2.15.so
b779d000-b77a0000 rw-p 00000000 00:00 0 
b77a0000-b77a3000 r-xp 00000000 08:01 2756925    /lib/i386-linux-gnu/libdl-2.15.so
b77a3000-b77a4000 r--p 00002000 08:01 2756925    /lib/i386-linux-gnu/libdl-2.15.so
b77a4000-b77a5000 rw-p 00003000 08:01 2756925    /lib/i386-linux-gnu/libdl-2.15.so
b77a5000-b77a9000 r-xp 00000000 08:01 18351149   /usr/lib/jvm/java-6-openjdk-i386/jre/lib/i386/jli/libjli.so
b77a9000-b77aa000 r--p 00003000 08:01 18351149   /usr/lib/jvm/java-6-openjdk-i386/jre/lib/i386/jli/libjli.so
b77aa000-b77ab000 rw-p 00004000 08:01 18351149   /usr/lib/jvm/java-6-openjdk-i386/jre/lib/i386/jli/libjli.so
b77ab000-b77ac000 rw-p 00000000 00:00 0 
b77ac000-b77c3000 r-xp 00000000 08:01 2756915    /lib/i386-linux-gnu/libpthread-2.15.so
b77c3000-b77c4000 r--p 00016000 08:01 2756915    /lib/i386-linux-gnu/libpthread-2.15.so
b77c4000-b77c5000 rw-p 00017000 08:01 2756915    /lib/i386-linux-gnu/libpthread-2.15.so
b77c5000-b77c7000 rw-p 00000000 00:00 0 
b77cc000-b77cd000 rw-p 00000000 00:00 0 
b77cd000-b77ce000 r--p 00000000 00:00 0 
b77ce000-b77d9000 r-xp 00000000 08:01 18351165   /usr/lib/jvm/java-6-openjdk-i386/jre/lib/i386/libverify.so
b77d9000-b77da000 ---p 0000b000 08:01 18351165   /usr/lib/jvm/java-6-openjdk-i386/jre/lib/i386/libverify.so
b77da000-b77db000 r--p 0000b000 08:01 18351165   /usr/lib/jvm/java-6-openjdk-i386/jre/lib/i386/libverify.so
b77db000-b77dc000 rw-p 0000c000 08:01 18351165   /usr/lib/jvm/java-6-openjdk-i386/jre/lib/i386/libverify.so
b77dc000-b77de000 rw-p 00000000 00:00 0 
b77de000-b77df000 r-xp 00000000 00:00 0          [vdso]
b77df000-b77ff000 r-xp 00000000 08:01 2756916    /lib/i386-linux-gnu/ld-2.15.so
b77ff000-b7800000 r--p 0001f000 08:01 2756916    /lib/i386-linux-gnu/ld-2.15.so
b7800000-b7801000 rw-p 00020000 08:01 2756916    /lib/i386-linux-gnu/ld-2.15.so
bfc44000-bfc65000 rw-p 00000000 00:00 0          [stack]

VM Arguments:
jvm_args: -Dfile.encoding=UTF-8 -Xbootclasspath:/home/vincent/android/sdk/platforms/android-18/android.jar:/home/vincent/android/sdk/add-ons/addon-google_apis-google-18/libs/effects.jar:/home/vincent/android/sdk/add-ons/addon-google_apis-google-18/libs/usb.jar:/home/vincent/android/sdk/add-ons/addon-google_apis-google-18/libs/maps.jar 
java_command: org.eclipse.jdt.internal.junit.runner.RemoteTestRunner -version 3 -port 39794 -testLoaderClass org.eclipse.jdt.internal.junit4.runner.JUnit4TestLoader -loaderpluginname org.eclipse.jdt.junit4.runtime -classNames UnitTest.Repeat.RepeatUnitTest
Launcher Type: SUN_STANDARD

Environment Variables:
PATH=/usr/lib/lightdm/lightdm:/usr/local/sbin:/usr/local/bin:/usr/sbin:/usr/bin:/sbin:/bin:/usr/games
LD_LIBRARY_PATH=/usr/lib/jvm/java-6-openjdk-i386/jre/lib/i386/server:/usr/lib/jvm/java-6-openjdk-i386/jre/lib/i386:/usr/lib/jvm/java-6-openjdk-i386/jre/../lib/i386:/usr/lib/jvm/java-6-openjdk-i386/jre/lib/i386/client:/usr/lib/jvm/java-6-openjdk-i386/jre/lib/i386:
SHELL=/bin/bash
DISPLAY=:0.0

Signal Handlers:
SIGSEGV: [libjvm.so+0x66e740], sa_mask[0]=0x7ffbfeff, sa_flags=0x10000004
SIGBUS: [libjvm.so+0x66e740], sa_mask[0]=0x7ffbfeff, sa_flags=0x10000004
SIGFPE: [libjvm.so+0x530480], sa_mask[0]=0x7ffbfeff, sa_flags=0x10000004
SIGPIPE: [libjvm.so+0x530480], sa_mask[0]=0x7ffbfeff, sa_flags=0x10000004
SIGXFSZ: [libjvm.so+0x530480], sa_mask[0]=0x7ffbfeff, sa_flags=0x10000004
SIGILL: [libjvm.so+0x530480], sa_mask[0]=0x7ffbfeff, sa_flags=0x10000004
SIGUSR1: SIG_DFL, sa_mask[0]=0x00000000, sa_flags=0x00000000
SIGUSR2: [libjvm.so+0x530310], sa_mask[0]=0x00000004, sa_flags=0x10000004
SIGHUP: SIG_DFL, sa_mask[0]=0x00000000, sa_flags=0x00000000
SIGINT: SIG_DFL, sa_mask[0]=0x00000000, sa_flags=0x00000000
SIGTERM: SIG_DFL, sa_mask[0]=0x00000000, sa_flags=0x00000000
SIGQUIT: SIG_DFL, sa_mask[0]=0x00000000, sa_flags=0x00000000


---------------  S Y S T E M  ---------------

OS:Ubuntu 12.04 (precise)
uname:Linux 3.5.0-43-generic #66~precise1-Ubuntu SMP Thu Oct 24 14:55:08 UTC 2013 i686
libc:glibc 2.15 NPTL 2.15 
rlimit: STACK 8192k, CORE 0k, NPROC 15865, NOFILE 4096, AS infinity
load average:0.28 0.71 0.73

/proc/meminfo:
MemTotal:        2053256 kB
MemFree:          133412 kB
Buffers:           32048 kB
Cached:           985540 kB
SwapCached:            0 kB
Active:           734280 kB
Inactive:        1072576 kB
Active(anon):     422728 kB
Inactive(anon):   374408 kB
Active(file):     311552 kB
Inactive(file):   698168 kB
Unevictable:           0 kB
Mlocked:               0 kB
HighTotal:       1171800 kB
HighFree:          28396 kB
LowTotal:         881456 kB
LowFree:          105016 kB
SwapTotal:       2083836 kB
SwapFree:        2083684 kB
Dirty:               240 kB
Writeback:             0 kB
AnonPages:        789328 kB
Mapped:           173068 kB
Shmem:              7868 kB
Slab:              78140 kB
SReclaimable:      40572 kB
SUnreclaim:        37568 kB
KernelStack:        3984 kB
PageTables:        11148 kB
NFS_Unstable:          0 kB
Bounce:                0 kB
WritebackTmp:          0 kB
CommitLimit:     3110464 kB
Committed_AS:    3343064 kB
VmallocTotal:     122880 kB
VmallocUsed:       14516 kB
VmallocChunk:     107928 kB
HardwareCorrupted:     0 kB
AnonHugePages:         0 kB
HugePages_Total:       0
HugePages_Free:        0
HugePages_Rsvd:        0
HugePages_Surp:        0
Hugepagesize:       2048 kB
DirectMap4k:       36856 kB
DirectMap2M:      876544 kB


CPU:total 4 (2 cores per cpu, 2 threads per core) family 6 model 54 stepping 1, cmov, cx8, fxsr, mmx, sse, sse2, sse3, ssse3, ht

Memory: 4k page, physical 2053256k(133412k free), swap 2083836k(2083684k free)

vm_info: OpenJDK Server VM (20.0-b12) for linux-x86 JRE (1.6.0_27-b27), built on Nov 16 2013 15:21:31 by "buildd" with gcc 4.6.3

time: Mon Feb 10 23:08:07 2014
elapsed time: 0 seconds

