#
# A fatal error has been detected by the Java Runtime Environment:
#
#  Internal Error (javaClasses.cpp:129), pid=22840, tid=23500
#  fatal error: Invalid layout of preloaded class
#
# JRE version: 7.0_06-b24
# Java VM: Java HotSpot(TM) Client VM (23.2-b09 mixed mode windows-x86 )
# Failed to write core dump. Minidumps are not enabled by default on client versions of Windows
#
# If you would like to submit a bug report, please visit:
#   http://bugreport.sun.com/bugreport/crash.jsp
#

---------------  T H R E A D  ---------------

Current thread (0x0103b400):  JavaThread "Unknown thread" [_thread_in_vm, id=23500, stack(0x008c0000,0x00910000)]

Stack: [0x008c0000,0x00910000],  sp=0x0090fa30,  free space=318k
Native frames: (J=compiled Java code, j=interpreted, Vv=VM code, C=native code)
V  [jvm.dll+0x16f2f1]
V  [jvm.dll+0x169496]
V  [jvm.dll+0x2082f]
V  [jvm.dll+0x208b6]
V  [jvm.dll+0x2e64d]
V  [jvm.dll+0x2e8f9]
V  [jvm.dll+0x77d01]
V  [jvm.dll+0x780bb]
V  [jvm.dll+0x1290e1]
V  [jvm.dll+0x149b8a]
V  [jvm.dll+0xa997f]
C  [javaw.exe+0x1359]
C  [javaw.exe+0x1dbb]
C  [javaw.exe+0xa0eb]
C  [javaw.exe+0xa175]
C  [kernel32.dll+0x1336a]  BaseThreadInitThunk+0x12
C  [ntdll.dll+0x39f72]  RtlInitializeExceptionChain+0x63
C  [ntdll.dll+0x39f45]  RtlInitializeExceptionChain+0x36


---------------  P R O C E S S  ---------------

Java Threads: ( => current thread )

Other Threads:

=>0x0103b400 (exited) JavaThread "Unknown thread" [_thread_in_vm, id=23500, stack(0x008c0000,0x00910000)]

VM state:not at safepoint (not fully initialized)

VM Mutex/Monitor currently owned by a thread: None

GC Heap History (0 events):
No events

Deoptimization events (0 events):
No events

Internal exceptions (0 events):
No events

Events (10 events):
Event: 0.051 loading class 0x00e84790 done
Event: 0.051 loading class 0x00e83d48 done
Event: 0.051 loading class 0x00e83d20
Event: 0.052 loading class 0x00efae68
Event: 0.052 loading class 0x00efae68 done
Event: 0.052 loading class 0x00efaea0
Event: 0.052 loading class 0x00efaea0 done
Event: 0.052 loading class 0x00efbe30
Event: 0.053 loading class 0x00efbe30 done
Event: 0.053 loading class 0x00e83d20 done


Dynamic libraries:
0x01070000 - 0x0109f000 	C:\Program Files (x86)\Java\jre7\bin\javaw.exe
0x775b0000 - 0x77730000 	C:\Windows\SysWOW64\ntdll.dll
0x75c90000 - 0x75da0000 	C:\Windows\syswow64\kernel32.dll
0x75930000 - 0x75977000 	C:\Windows\syswow64\KERNELBASE.dll
0x6ea90000 - 0x6eacc000 	C:\Program Files\AVAST Software\Avast\snxhk.dll
0x77110000 - 0x771b0000 	C:\Windows\syswow64\ADVAPI32.dll
0x77060000 - 0x7710c000 	C:\Windows\syswow64\msvcrt.dll
0x758b0000 - 0x758c9000 	C:\Windows\SysWOW64\sechost.dll
0x760a0000 - 0x76190000 	C:\Windows\syswow64\RPCRT4.dll
0x74fd0000 - 0x75030000 	C:\Windows\syswow64\SspiCli.dll
0x74fc0000 - 0x74fcc000 	C:\Windows\syswow64\CRYPTBASE.dll
0x75b90000 - 0x75c90000 	C:\Windows\syswow64\USER32.dll
0x75a80000 - 0x75b10000 	C:\Windows\syswow64\GDI32.dll
0x75910000 - 0x7591a000 	C:\Windows\syswow64\LPK.dll
0x759e0000 - 0x75a7d000 	C:\Windows\syswow64\USP10.dll
0x745f0000 - 0x7478e000 	C:\Windows\WinSxS\x86_microsoft.windows.common-controls_6595b64144ccf1df_6.0.7601.17514_none_41e6975e2bd6f2b2\COMCTL32.dll
0x752e0000 - 0x75337000 	C:\Windows\syswow64\SHLWAPI.dll
0x76ff0000 - 0x77050000 	C:\Windows\system32\IMM32.DLL
0x75030000 - 0x750fc000 	C:\Windows\syswow64\MSCTF.dll
0x74d40000 - 0x74d76000 	c:\windows\syswow64\nvinit.dll
0x5e380000 - 0x5e43e000 	C:\Program Files (x86)\Java\jre7\bin\msvcr100.dll
0x5e700000 - 0x5ea4c000 	C:\Program Files (x86)\Java\jre7\bin\client\jvm.dll
0x71d40000 - 0x71d47000 	C:\Windows\system32\WSOCK32.dll
0x758d0000 - 0x75905000 	C:\Windows\syswow64\WS2_32.dll
0x75ec0000 - 0x75ec6000 	C:\Windows\syswow64\NSI.dll
0x71b30000 - 0x71b62000 	C:\Windows\system32\WINMM.dll
0x75ef0000 - 0x75ef5000 	C:\Windows\syswow64\PSAPI.DLL
0x6b490000 - 0x6b49c000 	C:\Program Files (x86)\Java\jre7\bin\verify.dll
0x67700000 - 0x67720000 	C:\Program Files (x86)\Java\jre7\bin\java.dll
0x676e0000 - 0x676f3000 	C:\Program Files (x86)\Java\jre7\bin\zip.dll
0x719a0000 - 0x71a8b000 	C:\Windows\system32\dbghelp.dll

VM Arguments:
jvm_args: -Dfile.encoding=Cp1252 -Xbootclasspath:C:\Users\Traing\android-sdks\platforms\android-18\android.jar;C:\Users\Traing\android-sdks\add-ons\addon-google_apis-google-18\libs\effects.jar;C:\Users\Traing\android-sdks\add-ons\addon-google_apis-google-18\libs\usb.jar;C:\Users\Traing\android-sdks\add-ons\addon-google_apis-google-18\libs\maps.jar 
java_command: org.eclipse.jdt.internal.junit.runner.RemoteTestRunner -version 3 -port 57775 -testLoaderClass org.eclipse.jdt.internal.junit4.runner.JUnit4TestLoader -loaderpluginname org.eclipse.jdt.junit4.runtime -classNames TEST
Launcher Type: SUN_STANDARD

Environment Variables:
CLASSPATH=.;C:\Program Files (x86)\Java\jre7\lib\ext\QTJava.zip
PATH=C:/Program Files (x86)/Java/jre7/bin/client;C:/Program Files (x86)/Java/jre7/bin;C:/Program Files (x86)/Java/jre7/lib/i386;C:\Program Files\Common Files\Microsoft Shared\Windows Live;C:\Program Files (x86)\Common Files\Microsoft Shared\Windows Live;C:\Program Files (x86)\NVIDIA Corporation\PhysX\Common;C:\Windows\system32;C:\Windows;C:\Windows\System32\Wbem;C:\Windows\System32\WindowsPowerShell\v1.0\;C:\Program Files\Intel\WiFi\bin\;C:\Program Files\Common Files\Intel\WirelessCommon\;C:\Program Files (x86)\QuickTime\QTSystem\;C:\Program Files (x86)\Windows Live\Shared;C:\Program Files\Microsoft\Web Platform Installer\;C:\Program Files (x86)\Microsoft ASP.NET\ASP.NET Web Pages\v1.0\;C:\Program Files (x86)\Windows Kits\8.0\Windows Performance Toolkit\;C:\Program Files\Microsoft SQL Server\110\Tools\Binn\;D:\Mes programmes\eclipse-java-indigo-SR2-win32\eclipse;
USERNAME=Traing
OS=Windows_NT
PROCESSOR_IDENTIFIER=Intel64 Family 6 Model 42 Stepping 7, GenuineIntel



---------------  S Y S T E M  ---------------

OS: Windows 7 , 64 bit Build 7601 Service Pack 1

CPU:total 4 (2 cores per cpu, 2 threads per core) family 6 model 42 stepping 7, cmov, cx8, fxsr, mmx, sse, sse2, sse3, ssse3, sse4.1, sse4.2, popcnt, avx, ht, tsc, tscinvbit

Memory: 4k page, physical 6062136k(2856840k free), swap 12122408k(8552636k free)

vm_info: Java HotSpot(TM) Client VM (23.2-b09) for windows-x86 JRE (1.7.0_06-b24), built on Aug  9 2012 23:02:07 by "java_re" with unknown MS VC++:1600

time: Sun Feb 02 22:30:45 2014
elapsed time: 0 seconds

